2024-05-22T00:19:23.225717+0100 INFO | 25  | Chamando função 'save_schema' com args (<src.etl.EtlFromExcel object at 0x000001E9C605E4D0>,) e kwargs {} log_config.py
2024-05-22T00:19:23.226738+0100 INFO | 25  | Chamando função 'get_data' com args (<src.etl.EtlFromExcel object at 0x000001E9C605E4D0>,) e kwargs {} log_config.py
2024-05-22T00:19:23.680763+0100 INFO | 28  | Função 'get_data' retornou python object type <class 'pandas.core.frame.DataFrame'> log_config.py
2024-05-22T00:19:23.689277+0100 INFO | 29  | Função 'get_data' retornou             Português            Inglês
0                 NaN               NaN
1            Internet          Internet
2             Domínio            Domain
3           Segurança          Security
4      Cibersegurança     Cybersecurity
..                ...               ...
66               CPLP               NaN
67           trabalho              Work
68              Ciber             Cyber
69        Resiliência        Resilience
70  Ciber resiliência  Cyber resilience

[71 rows x 2 columns] log_config.py
2024-05-22T00:19:23.694426+0100 INFO | 25  | Chamando função 'transform_data' com args (<src.etl.EtlFromExcel object at 0x000001E9C605E4D0>,             Português            Inglês
0                 NaN               NaN
1            Internet          Internet
2             Domínio            Domain
3           Segurança          Security
4      Cibersegurança     Cybersecurity
..                ...               ...
66               CPLP               NaN
67           trabalho              Work
68              Ciber             Cyber
69        Resiliência        Resilience
70  Ciber resiliência  Cyber resilience

[71 rows x 2 columns]) e kwargs {} log_config.py
2024-05-22T00:19:23.702418+0100 INFO | 28  | Função 'transform_data' retornou python object type <class 'pandas.core.frame.DataFrame'> log_config.py
2024-05-22T00:19:23.705931+0100 INFO | 29  | Função 'transform_data' retornou             Português            Inglês
1            Internet          Internet
2             Domínio            Domain
3           Segurança          Security
4      Cibersegurança     Cybersecurity
5               Dados              Data
..                ...               ...
65        capacitação          training
67           trabalho              Work
68              Ciber             Cyber
69        Resiliência        Resilience
70  Ciber resiliência  Cyber resilience

[66 rows x 2 columns] log_config.py
2024-05-22T00:19:25.459776+0100 INFO | 28  | Função 'save_schema' retornou python object type <class 'NoneType'> log_config.py
2024-05-22T00:19:25.459776+0100 INFO | 29  | Função 'save_schema' retornou None log_config.py
2024-05-22T00:19:25.459776+0100 INFO | 25  | Chamando função 'get_data' com args (<src.etl.EtlFromExcel object at 0x000001E9E32C9850>,) e kwargs {} log_config.py
2024-05-22T00:19:25.469293+0100 INFO | 28  | Função 'get_data' retornou python object type <class 'pandas.core.frame.DataFrame'> log_config.py
2024-05-22T00:19:25.473295+0100 INFO | 29  | Função 'get_data' retornou             Português            Inglês
0                 NaN               NaN
1            Internet          Internet
2             Domínio            Domain
3           Segurança          Security
4      Cibersegurança     Cybersecurity
..                ...               ...
66               CPLP               NaN
67           trabalho              Work
68              Ciber             Cyber
69        Resiliência        Resilience
70  Ciber resiliência  Cyber resilience

[71 rows x 2 columns] log_config.py
2024-05-22T00:19:25.479332+0100 INFO | 25  | Chamando função 'transform_data' com args (<src.etl.EtlFromExcel object at 0x000001E9E32C9850>,             Português            Inglês
0                 NaN               NaN
1            Internet          Internet
2             Domínio            Domain
3           Segurança          Security
4      Cibersegurança     Cybersecurity
..                ...               ...
66               CPLP               NaN
67           trabalho              Work
68              Ciber             Cyber
69        Resiliência        Resilience
70  Ciber resiliência  Cyber resilience

[71 rows x 2 columns]) e kwargs {} log_config.py
2024-05-22T00:19:25.485495+0100 INFO | 28  | Função 'transform_data' retornou python object type <class 'pandas.core.frame.DataFrame'> log_config.py
2024-05-22T00:19:25.488499+0100 INFO | 29  | Função 'transform_data' retornou             Português            Inglês
1            Internet          Internet
2             Domínio            Domain
3           Segurança          Security
4      Cibersegurança     Cybersecurity
5               Dados              Data
..                ...               ...
65        capacitação          training
67           trabalho              Work
68              Ciber             Cyber
69        Resiliência        Resilience
70  Ciber resiliência  Cyber resilience

[66 rows x 2 columns] log_config.py
