2024-05-21T19:45:23.174775+0100 INFO | 25  | Chamando função 'save_schema' com args (<src.etl.EtlFromExcel object at 0x0000022033E6E4D0>,) e kwargs {} log_config.py
2024-05-21T19:45:23.175689+0100 INFO | 25  | Chamando função 'get_data' com args (<src.etl.EtlFromExcel object at 0x0000022033E6E4D0>,) e kwargs {} log_config.py
2024-05-21T19:45:23.616104+0100 INFO | 28  | Função 'get_data' retornou python object type <class 'pandas.core.frame.DataFrame'> log_config.py
2024-05-21T19:45:23.621111+0100 INFO | 29  | Função 'get_data' retornou   Português    Inglês
0       NaN       NaN
1  Internet  Internet
2   Domínio    Domain log_config.py
2024-05-21T19:45:23.625106+0100 INFO | 25  | Chamando função 'transform_data' com args (<src.etl.EtlFromExcel object at 0x0000022033E6E4D0>,             Português            Inglês
0                 NaN               NaN
1            Internet          Internet
2             Domínio            Domain
3           Segurança          Security
4      Cibersegurança     Cybersecurity
..                ...               ...
66               CPLP               NaN
67           trabalho              Work
68              Ciber             Cyber
69        Resiliência        Resilience
70  Ciber resiliência  Cyber resilience

[71 rows x 2 columns]) e kwargs {} log_config.py
2024-05-21T19:45:23.632105+0100 INFO | 28  | Função 'transform_data' retornou python object type <class 'pandas.core.frame.DataFrame'> log_config.py
2024-05-21T19:45:23.635105+0100 INFO | 29  | Função 'transform_data' retornou    Português    Inglês
1   Internet  Internet
2    Domínio    Domain
3  Segurança  Security log_config.py
2024-05-21T19:45:25.275531+0100 INFO | 28  | Função 'save_schema' retornou python object type <class 'NoneType'> log_config.py
2024-05-21T19:45:25.276530+0100 ERROR | 32  | Exceção capturada em 'save_schema': 'NoneType' object has no attribute 'head' log_config.py
Traceback (most recent call last):

  File "C:\PROJECTS\File validation\main.py", line 6, in <module>
    df_extract.save_schema()
    │          └ <function EtlFromExcel.save_schema at 0x000002204F3AF380>
    └ <src.etl.EtlFromExcel object at 0x0000022033E6E4D0>

> File "C:\PROJECTS\File validation\logs\log_config.py", line 29, in wrapper
    logger.info(f"Função '{func.__name__}' retornou {result.head(3)}")
    │      └ <function Logger.info at 0x000002204F35B1A0>
    └ <loguru.logger handlers=[(id=1, level=20, sink=<stderr>), (id=2, level=20, sink='logs/meu_arquivo_de_logs.log')]>

AttributeError: 'NoneType' object has no attribute 'head'
2024-05-21T19:46:13.983032+0100 INFO | 25  | Chamando função 'save_schema' com args (<src.etl.EtlFromExcel object at 0x00000189494CE4D0>,) e kwargs {} log_config.py
2024-05-21T19:46:13.983550+0100 INFO | 25  | Chamando função 'get_data' com args (<src.etl.EtlFromExcel object at 0x00000189494CE4D0>,) e kwargs {} log_config.py
2024-05-21T19:46:14.351895+0100 INFO | 28  | Função 'get_data' retornou python object type <class 'pandas.core.frame.DataFrame'> log_config.py
2024-05-21T19:46:14.357897+0100 INFO | 29  | Função 'get_data' retornou             Português            Inglês
0                 NaN               NaN
1            Internet          Internet
2             Domínio            Domain
3           Segurança          Security
4      Cibersegurança     Cybersecurity
..                ...               ...
66               CPLP               NaN
67           trabalho              Work
68              Ciber             Cyber
69        Resiliência        Resilience
70  Ciber resiliência  Cyber resilience

[71 rows x 2 columns] log_config.py
2024-05-21T19:46:14.364007+0100 INFO | 25  | Chamando função 'transform_data' com args (<src.etl.EtlFromExcel object at 0x00000189494CE4D0>,             Português            Inglês
0                 NaN               NaN
1            Internet          Internet
2             Domínio            Domain
3           Segurança          Security
4      Cibersegurança     Cybersecurity
..                ...               ...
66               CPLP               NaN
67           trabalho              Work
68              Ciber             Cyber
69        Resiliência        Resilience
70  Ciber resiliência  Cyber resilience

[71 rows x 2 columns]) e kwargs {} log_config.py
2024-05-21T19:46:14.374000+0100 INFO | 28  | Função 'transform_data' retornou python object type <class 'pandas.core.frame.DataFrame'> log_config.py
2024-05-21T19:46:14.376896+0100 INFO | 29  | Função 'transform_data' retornou             Português            Inglês
1            Internet          Internet
2             Domínio            Domain
3           Segurança          Security
4      Cibersegurança     Cybersecurity
5               Dados              Data
..                ...               ...
65        capacitação          training
67           trabalho              Work
68              Ciber             Cyber
69        Resiliência        Resilience
70  Ciber resiliência  Cyber resilience

[66 rows x 2 columns] log_config.py
2024-05-21T19:46:15.960849+0100 INFO | 28  | Função 'save_schema' retornou python object type <class 'NoneType'> log_config.py
2024-05-21T19:46:15.961855+0100 INFO | 29  | Função 'save_schema' retornou None log_config.py
2024-05-21T19:46:15.962864+0100 INFO | 25  | Chamando função 'get_data' com args (<src.etl.EtlFromExcel object at 0x00000189660CD350>,) e kwargs {} log_config.py
2024-05-21T19:46:15.975873+0100 INFO | 28  | Função 'get_data' retornou python object type <class 'pandas.core.frame.DataFrame'> log_config.py
2024-05-21T19:46:15.979859+0100 INFO | 29  | Função 'get_data' retornou             Português            Inglês
0                 NaN               NaN
1            Internet          Internet
2             Domínio            Domain
3           Segurança          Security
4      Cibersegurança     Cybersecurity
..                ...               ...
66               CPLP               NaN
67           trabalho              Work
68              Ciber             Cyber
69        Resiliência        Resilience
70  Ciber resiliência  Cyber resilience

[71 rows x 2 columns] log_config.py
2024-05-21T19:46:15.985819+0100 INFO | 25  | Chamando função 'transform_data' com args (<src.etl.EtlFromExcel object at 0x00000189660CD350>,             Português            Inglês
0                 NaN               NaN
1            Internet          Internet
2             Domínio            Domain
3           Segurança          Security
4      Cibersegurança     Cybersecurity
..                ...               ...
66               CPLP               NaN
67           trabalho              Work
68              Ciber             Cyber
69        Resiliência        Resilience
70  Ciber resiliência  Cyber resilience

[71 rows x 2 columns]) e kwargs {} log_config.py
2024-05-21T19:46:15.995823+0100 INFO | 28  | Função 'transform_data' retornou python object type <class 'pandas.core.frame.DataFrame'> log_config.py
2024-05-21T19:46:15.998816+0100 INFO | 29  | Função 'transform_data' retornou             Português            Inglês
1            Internet          Internet
2             Domínio            Domain
3           Segurança          Security
4      Cibersegurança     Cybersecurity
5               Dados              Data
..                ...               ...
65        capacitação          training
67           trabalho              Work
68              Ciber             Cyber
69        Resiliência        Resilience
70  Ciber resiliência  Cyber resilience

[66 rows x 2 columns] log_config.py
